<?xml version="1.0" encoding="UTF-8"?>
<!-- Generated by org.testng.reporters.JUnitReportReporter -->
<testsuite hostname="HYD-LM-24-1224" failures="0" tests="4" name="api.test.UserTest" time="7.714" errors="0" timestamp="2024-04-24T17:40:56 IST" skipped="0">
  <testcase classname="api.test.UserTest" name="testPost" time="2.283"/>
  <system-out/>
  <testcase classname="api.test.UserTest" name="testGetuserByName" time="1.473"/>
  <system-out/>
  <testcase classname="api.test.UserTest" name="testUpdateUser" time="2.517"/>
  <system-out/>
  <testcase classname="api.test.UserTest" name="testDeleteUser" time="1.441"/>
  <system-out/>
</testsuite> <!-- api.test.UserTest -->
