<?xml version="1.0" encoding="UTF-8"?>
<!-- Generated by org.testng.reporters.JUnitReportReporter -->
<testsuite skipped="0" hostname="HYD-LAP-00350" name="sample.RequestBodyusingExternalFile" tests="1" failures="0" timestamp="2024-02-22T12:26:51 IST" time="3.439" errors="0">
  <testcase name="createUser" time="3.439" classname="sample.RequestBodyusingExternalFile"/>
  <system-out/>
</testsuite> <!-- sample.RequestBodyusingExternalFile -->
