<?xml version="1.0" encoding="UTF-8"?>
<!-- Generated by org.testng.reporters.JUnitReportReporter -->
<testsuite hostname="HYD-LM-24-1224" failures="0" tests="2" name="api.test.UserTest" time="3.575" errors="0" timestamp="2024-04-22T13:00:23 IST" skipped="0">
  <testcase classname="api.test.UserTest" name="testPost" time="2.404"/>
  <system-out/>
  <testcase classname="api.test.UserTest" name="testDeleteUser" time="1.171"/>
  <system-out/>
</testsuite> <!-- api.test.UserTest -->
