<?xml version="1.0" encoding="UTF-8"?>
<!-- Generated by org.testng.reporters.JUnitReportReporter -->
<testsuite skipped="0" hostname="HYD-LAP-00350" name="sample.JsonSchemaValidate" tests="1" failures="0" timestamp="2024-02-26T11:35:33 IST" time="3.718" errors="0">
  <testcase name="JsonSchemavalidator" time="3.718" classname="sample.JsonSchemaValidate"/>
  <system-out/>
</testsuite> <!-- sample.JsonSchemaValidate -->
