<?xml version="1.0" encoding="UTF-8"?>
<!-- Generated by org.testng.reporters.JUnitReportReporter -->
<testsuite hostname="HYD-LW-21-0921" failures="0" tests="2" name="api.test.UserTest" time="5.690" errors="0" timestamp="2024-04-16T16:04:05 IST" skipped="0">
  <testcase classname="api.test.UserTest" name="testPost" time="4.177"/>
  <system-out/>
  <testcase classname="api.test.UserTest" name="testDeleteUser" time="1.513"/>
  <system-out/>
</testsuite> <!-- api.test.UserTest -->
