<?xml version="1.0" encoding="UTF-8"?>
<!-- Generated by org.testng.reporters.JUnitReportReporter -->
<testsuite skipped="0" hostname="HYD-LAP-00350" name="sample.pathAndQueryParameters" tests="1" failures="0" timestamp="2024-02-22T21:21:58 IST" time="2.606" errors="0">
  <testcase name="paramsSetUP" time="2.606" classname="sample.pathAndQueryParameters"/>
  <system-out/>
</testsuite> <!-- sample.pathAndQueryParameters -->
