<?xml version="1.0" encoding="UTF-8"?>
<!-- Generated by org.testng.reporters.JUnitReportReporter -->
<testsuite skipped="0" hostname="HYD-LAP-00350" name="sample.parsingXMLResponseBody" tests="1" failures="0" timestamp="2024-02-24T19:12:02 IST" time="3.674" errors="0">
  <testcase name="getXMLResposne" time="3.674" classname="sample.parsingXMLResponseBody"/>
  <system-out/>
</testsuite> <!-- sample.parsingXMLResponseBody -->
