<?xml version="1.0" encoding="UTF-8"?>
<!-- Generated by org.testng.reporters.JUnitReportReporter -->
<testsuite skipped="0" hostname="HYD-LAP-00350" name="sample.CooikesAndHeaders" tests="1" failures="0" timestamp="2024-02-23T10:30:19 IST" time="3.311" errors="0">
  <testcase name="getCookies" time="3.311" classname="sample.CooikesAndHeaders"/>
  <system-out/>
</testsuite> <!-- sample.CooikesAndHeaders -->
