<?xml version="1.0" encoding="UTF-8"?>
<!-- Generated by org.testng.reporters.JUnitReportReporter -->
<testsuite skipped="0" hostname="HYD-LAP-00350" name="sample.RequestBodyUsingPojo" tests="1" failures="0" timestamp="2024-02-22T11:58:38 IST" time="3.344" errors="0">
  <testcase name="createUser" time="3.344" classname="sample.RequestBodyUsingPojo"/>
  <system-out/>
</testsuite> <!-- sample.RequestBodyUsingPojo -->
