<?xml version="1.0" encoding="UTF-8"?>
<!-- Generated by org.testng.reporters.JUnitReportReporter -->
<testsuite skipped="0" hostname="HYD-LAP-00350" name="sample.HTTPRequests" tests="1" failures="0" timestamp="2024-02-22T21:13:37 IST" time="4.249" errors="0">
  <testcase name="getTheUsersList" time="4.249" classname="sample.HTTPRequests"/>
  <system-out/>
</testsuite> <!-- sample.HTTPRequests -->
