<?xml version="1.0" encoding="UTF-8"?>
<!-- Generated by org.testng.reporters.JUnitReportReporter -->
<testsuite skipped="0" hostname="HYD-LAP-00350" name="sample.ParsingResponseBody" tests="1" failures="0" timestamp="2024-02-23T16:32:08 IST" time="3.059" errors="0">
  <testcase name="validatingResponseBody" time="3.059" classname="sample.ParsingResponseBody"/>
  <system-out/>
</testsuite> <!-- sample.ParsingResponseBody -->
