<?xml version="1.0" encoding="UTF-8"?>
<!-- Generated by org.testng.reporters.JUnitReportReporter -->
<testsuite skipped="0" hostname="HYD-LAP-00350" name="sample.Parameters" tests="1" failures="0" timestamp="2024-02-22T21:19:57 IST" time="2.919" errors="0">
  <testcase name="paramsSetUP" time="2.919" classname="sample.Parameters"/>
  <system-out/>
</testsuite> <!-- sample.Parameters -->
