<?xml version="1.0" encoding="UTF-8"?>
<!-- Generated by org.testng.reporters.JUnitReportReporter -->
<testsuite hostname="HYD-LW-21-0921" failures="0" tests="2" name="sample.CooikesAndHeaders" time="2.625" errors="0" timestamp="2024-04-05T14:44:54 IST" skipped="0">
  <testcase classname="sample.CooikesAndHeaders" name="getCookies" time="2.160"/>
  <system-out/>
  <testcase classname="sample.CooikesAndHeaders" name="getHeaders" time="0.465"/>
  <system-out/>
</testsuite> <!-- sample.CooikesAndHeaders -->
