<?xml version="1.0" encoding="UTF-8"?>
<!-- Generated by org.testng.reporters.JUnitReportReporter -->
<testsuite skipped="0" hostname="HYD-LAP-00350" name="sample.RequestBodyUsingorgJson" tests="1" failures="0" timestamp="2024-02-22T21:20:44 IST" time="3.774" errors="0">
  <testcase name="createTheUser" time="3.774" classname="sample.RequestBodyUsingorgJson"/>
  <system-out/>
</testsuite> <!-- sample.RequestBodyUsingorgJson -->
