<?xml version="1.0" encoding="UTF-8"?>
<!-- Generated by org.testng.reporters.JUnitReportReporter -->
<testsuite skipped="0" hostname="HYD-LAP-00350" name="api.test.UserTest" tests="4" failures="0" timestamp="2024-03-20T16:56:31 IST" time="10.981" errors="0">
  <testcase name="testPost" time="5.435" classname="api.test.UserTest"/>
  <system-out/>
  <testcase name="testGetuserByName" time="1.469" classname="api.test.UserTest"/>
  <system-out/>
  <testcase name="testUpdateUser" time="2.651" classname="api.test.UserTest"/>
  <system-out/>
  <testcase name="testDeleteUser" time="1.426" classname="api.test.UserTest"/>
  <system-out/>
</testsuite> <!-- api.test.UserTest -->
